<?xml version="1.0" encoding="UTF-8"?>
<!-- Generated by org.testng.reporters.JUnitXMLReporter -->
<testsuite ignored="1" hostname="Nitesh" failures="0" tests="6" name="Negative Tests" time="37.587" errors="0" timestamp="2026-06-08T16:40:02 IST">
  <testcase classname="TestCases.LoginTest" name="invalidLoginTest" time="0.626"/>
  <testcase classname="TestCases.LoginTest" name="emptyLoginTest" time="5.403"/>
  <testcase classname="TestCases.FundTransferNegativeTest" name="excessiveWithdrawalTest" time="2.391"/>
  <testcase classname="TestCases.FundTransferNegativeTest" name="insufficientBalanceTest" time="2.62"/>
  <testcase classname="TestCases.FundTransferNegativeTest" name="invalidAccountTransferTest" time="2.337"/>
  <testcase classname="TestCases.FundTransferNegativeTest" name="invalidDepositAccountTest" time="2.235"/>
  <testcase classname="TestCases.LoginTest" name="validLoginTest" time="0.0">
    <ignored/>
  </testcase> <!-- validLoginTest -->
</testsuite> <!-- Negative Tests -->
