<?xml version="1.0" encoding="UTF-8"?>
<!-- Generated by org.testng.reporters.JUnitXMLReporter -->
<testsuite ignored="0" hostname="Nitesh" failures="0" tests="12" name="Guru99 Tests" time="84.768" errors="0" timestamp="2026-06-10T22:31:35 IST">
  <testcase classname="TestCases.LoginTest" name="emptyLoginTest" time="5.588"/>
  <testcase classname="TestCases.LoginTest" name="invalidLoginTest" time="0.714"/>
  <testcase classname="TestCases.LoginTest" name="validLoginTest" time="3.378"/>
  <testcase classname="TestCases.CustomerTest" name="createCustomerTest" time="4.886"/>
  <testcase classname="TestCases.CustomerValidationTest" name="validateCustomerId" time="0.001"/>
  <testcase classname="TestCases.AccountTest" name="createAccountTest" time="5.491"/>
  <testcase classname="TestCases.AccountDetailsTest" name="verifyAccountDetails" time="0.008"/>
  <testcase classname="TestCases.DepositTest" name="depositMoneyTest" time="4.728"/>
  <testcase classname="TestCases.WithdrawalTest" name="withdrawalMoneyTest" time="3.388"/>
  <testcase classname="TestCases.FundTransferTest" name="fundTransferTest" time="4.697"/>
  <testcase classname="TestCases.InvalidAccountTest" name="invalidAccountDepositTest" time="3.379"/>
  <testcase classname="TestCases.InsufficientBalanceTest" name="insufficientBalanceTest" time="3.421"/>
</testsuite> <!-- Guru99 Tests -->
