<?xml version="1.0" encoding="UTF-8"?>
<!-- Generated by org.testng.reporters.JUnitXMLReporter -->
<testsuite ignored="0" hostname="Nitesh" failures="0" tests="12" name="Guru99 Tests" time="562.231" errors="0" timestamp="2026-06-08T15:12:51 IST">
  <testcase classname="TestCases.LoginTest" name="emptyLoginTest" time="5.454"/>
  <testcase classname="TestCases.LoginTest" name="invalidLoginTest" time="2.563"/>
  <testcase classname="TestCases.LoginTest" name="validLoginTest" time="13.72"/>
  <testcase classname="TestCases.CustomerTest" name="createCustomerTest" time="50.971"/>
  <testcase classname="TestCases.CustomerValidationTest" name="validateCustomerId" time="0.003"/>
  <testcase classname="TestCases.AccountTest" name="createAccountTest" time="26.126"/>
  <testcase classname="TestCases.AccountDetailsTest" name="verifyAccountDetails" time="0.001"/>
  <testcase classname="TestCases.DepositTest" name="depositMoneyTest" time="19.848"/>
  <testcase classname="TestCases.WithdrawalTest" name="withdrawalMoneyTest" time="65.172"/>
  <testcase classname="TestCases.FundTransferTest" name="fundTransferTest" time="24.829"/>
  <testcase classname="TestCases.InvalidAccountTest" name="invalidAccountDepositTest" time="24.783"/>
  <testcase classname="TestCases.InsufficientBalanceTest" name="insufficientBalanceTest" time="23.191"/>
</testsuite> <!-- Guru99 Tests -->
