<?xml version="1.0" encoding="UTF-8"?>
<!-- Generated by org.testng.reporters.JUnitReportReporter -->
<testsuite hostname="Nitesh" failures="0" tests="3" name="TestCases.LoginTest" time="98.643" errors="0" timestamp="2026-06-07T15:07:59 IST" skipped="0">
  <testcase classname="TestCases.LoginTest" name="emptyLoginTest" time="63.703"/>
  <testcase classname="TestCases.LoginTest" name="validLoginTest" time="7.979"/>
  <testcase classname="TestCases.LoginTest" name="invalidLoginTest" time="26.961"/>
</testsuite> <!-- TestCases.LoginTest -->
