<?xml version="1.0" encoding="UTF-8"?>
<!-- Generated by org.testng.reporters.JUnitReportReporter -->
<testsuite hostname="Nitesh" failures="0" tests="4" name="TestCases.FundTransferNegativeTest" time="24.436" errors="0" timestamp="2026-06-08T16:40:02 IST" skipped="0">
  <testcase classname="TestCases.FundTransferNegativeTest" name="invalidAccountTransferTest" time="5.902"/>
  <testcase classname="TestCases.FundTransferNegativeTest" name="excessiveWithdrawalTest" time="6.376"/>
  <testcase classname="TestCases.FundTransferNegativeTest" name="invalidDepositAccountTest" time="5.646"/>
  <testcase classname="TestCases.FundTransferNegativeTest" name="insufficientBalanceTest" time="6.512"/>
</testsuite> <!-- TestCases.FundTransferNegativeTest -->
