<?xml version="1.0" encoding="UTF-8"?>
<!-- Generated by org.testng.reporters.JUnitReportReporter -->
<testsuite hostname="Nitesh" failures="0" tests="3" name="TestCases.LoginTest" time="117.148" errors="0" timestamp="2026-06-08T15:12:51 IST" skipped="0">
  <testcase classname="TestCases.LoginTest" name="invalidLoginTest" time="32.219"/>
  <testcase classname="TestCases.LoginTest" name="validLoginTest" time="41.129"/>
  <testcase classname="TestCases.LoginTest" name="emptyLoginTest" time="43.800"/>
</testsuite> <!-- TestCases.LoginTest -->
